[0m18:51:40.287876 [debug] [MainThread]: Sending event: {'category': 'dbt', 'action': 'invocation', 'label': 'start', 'context': [<snowplow_tracker.self_describing_json.SelfDescribingJson object at 0x000001BDC2161A00>, <snowplow_tracker.self_describing_json.SelfDescribingJson object at 0x000001BDC4662C60>, <snowplow_tracker.self_describing_json.SelfDescribingJson object at 0x000001BDC5016FC0>]}


============================== 18:51:40.469996 | 41936736-5151-4f3f-ba04-3277b0d39a00 ==============================
[0m18:51:40.469996 [info ] [MainThread]: Running with dbt=1.11.2
[0m18:51:40.470992 [debug] [MainThread]: running dbt with arguments {'static_parser': 'True', 'no_print': 'None', 'version_check': 'True', 'target_path': 'None', 'warn_error_options': 'WarnErrorOptionsV2(error=[], warn=[], silence=[])', 'printer_width': '80', 'write_json': 'True', 'introspect': 'True', 'log_cache_events': 'False', 'empty': 'None', 'cache_selected_only': 'False', 'fail_fast': 'False', 'debug': 'False', 'log_format': 'default', 'profiles_dir': 'C:\\Users\\adity\\.dbt', 'send_anonymous_usage_stats': 'True', 'quiet': 'False', 'warn_error': 'None', 'partial_parse': 'True', 'indirect_selection': 'eager', 'use_colors': 'True', 'invocation_command': 'dbt init', 'use_experimental_parser': 'False', 'log_path': 'logs'}
[0m18:51:40.961026 [info ] [MainThread]: Creating dbt configuration folder at C:\Users\adity\.dbt
[0m18:53:03.592796 [debug] [MainThread]: Starter project path: D:\AWS_DBT_Snowflake\.venv\Lib\site-packages\dbt\include\starter_project
[0m18:53:03.619798 [info ] [MainThread]: 
Your new dbt project "aws_dbt_snowflake_project" was created!

For more information on how to configure the profiles.yml file,
please consult the dbt documentation here:

  https://docs.getdbt.com/docs/configure-your-profile

One more thing:

Need help? Don't hesitate to reach out to us via GitHub issues or on Slack:

  https://community.getdbt.com/

Happy modeling!

[0m18:53:03.620793 [info ] [MainThread]: Setting up your profile.
[0m18:53:33.408056 [debug] [MainThread]: Snowflake adapter: Setting snowflake.connector to ERROR (file logging only)
[0m18:53:33.409570 [debug] [MainThread]: Snowflake adapter: Setting botocore to ERROR (file logging only)
[0m18:53:33.409916 [debug] [MainThread]: Snowflake adapter: Setting boto3 to ERROR (file logging only)
[0m19:00:10.026348 [info ] [MainThread]: Profile aws_dbt_snowflake_project written to C:\Users\adity\.dbt\profiles.yml using target's profile_template.yml and your supplied values. Run 'dbt debug' to validate the connection.
[0m19:00:10.028360 [debug] [MainThread]: Command `dbt init` succeeded at 19:00:10.028360 after 509.97 seconds
[0m19:00:10.028360 [debug] [MainThread]: Sending event: {'category': 'dbt', 'action': 'invocation', 'label': 'end', 'context': [<snowplow_tracker.self_describing_json.SelfDescribingJson object at 0x000001BDC485FCE0>, <snowplow_tracker.self_describing_json.SelfDescribingJson object at 0x000001BDC829BF80>, <snowplow_tracker.self_describing_json.SelfDescribingJson object at 0x000001BDC6C53080>]}
[0m19:00:10.029359 [debug] [MainThread]: Flushing usage events
[0m19:00:11.435403 [debug] [MainThread]: An error was encountered while trying to flush usage events
[0m14:58:28.028135 [debug] [MainThread]: Sending event: {'category': 'dbt', 'action': 'invocation', 'label': 'start', 'context': [<snowplow_tracker.self_describing_json.SelfDescribingJson object at 0x000001D61C615100>, <snowplow_tracker.self_describing_json.SelfDescribingJson object at 0x000001D61BBDEAB0>, <snowplow_tracker.self_describing_json.SelfDescribingJson object at 0x000001D619A9DCA0>]}


============================== 14:58:28.034135 | 3bc76097-fa70-4912-80d1-73dfe82f15cf ==============================
[0m14:58:28.034135 [info ] [MainThread]: Running with dbt=1.11.2
[0m14:58:28.034135 [debug] [MainThread]: running dbt with arguments {'version_check': 'True', 'no_print': 'None', 'static_parser': 'True', 'target_path': 'None', 'warn_error_options': 'WarnErrorOptionsV2(error=[], warn=[], silence=[])', 'printer_width': '80', 'write_json': 'True', 'empty': 'None', 'log_cache_events': 'False', 'introspect': 'True', 'cache_selected_only': 'False', 'log_format': 'default', 'debug': 'False', 'fail_fast': 'False', 'partial_parse': 'True', 'send_anonymous_usage_stats': 'True', 'quiet': 'False', 'warn_error': 'None', 'profiles_dir': 'C:\\Users\\adity\\.dbt', 'indirect_selection': 'eager', 'invocation_command': 'dbt debug', 'use_colors': 'True', 'use_experimental_parser': 'False', 'log_path': 'logs'}
[0m14:58:28.098882 [info ] [MainThread]: dbt version: 1.11.2
[0m14:58:28.098882 [info ] [MainThread]: python version: 3.12.6
[0m14:58:28.099881 [info ] [MainThread]: python path: D:\AWS_DBT_Snowflake\.venv\Scripts\python.exe
[0m14:58:28.099881 [info ] [MainThread]: os info: Windows-11-10.0.26100-SP0
[0m14:58:28.437743 [debug] [MainThread]: Snowflake adapter: Setting snowflake.connector to ERROR (file logging only)
[0m14:58:28.438743 [debug] [MainThread]: Snowflake adapter: Setting botocore to ERROR (file logging only)
[0m14:58:28.438743 [debug] [MainThread]: Snowflake adapter: Setting boto3 to ERROR (file logging only)
[0m14:58:28.495061 [info ] [MainThread]: Using profiles dir at C:\Users\adity\.dbt
[0m14:58:28.495061 [info ] [MainThread]: Using profiles.yml file at C:\Users\adity\.dbt\profiles.yml
[0m14:58:28.496063 [info ] [MainThread]: Using dbt_project.yml file at D:\AWS_DBT_Snowflake\dbt_project.yml
[0m14:58:28.497067 [info ] [MainThread]: adapter type: snowflake
[0m14:58:28.498062 [info ] [MainThread]: adapter version: 1.11.1
[0m14:58:28.498062 [info ] [MainThread]: Configuration:
[0m14:58:28.498062 [info ] [MainThread]:   profiles.yml file [[32mOK found and valid[0m]
[0m14:58:28.499062 [info ] [MainThread]:   dbt_project.yml file [[31mERROR not found[0m]
[0m14:58:28.499062 [info ] [MainThread]: Required dependencies:
[0m14:58:28.500067 [debug] [MainThread]: Executing "git --help"
[0m14:58:28.564892 [debug] [MainThread]: STDOUT: "b"usage: git [-v | --version] [-h | --help] [-C <path>] [-c <name>=<value>]\n           [--exec-path[=<path>]] [--html-path] [--man-path] [--info-path]\n           [-p | --paginate | -P | --no-pager] [--no-replace-objects] [--no-lazy-fetch]\n           [--no-optional-locks] [--no-advice] [--bare] [--git-dir=<path>]\n           [--work-tree=<path>] [--namespace=<name>] [--config-env=<name>=<envvar>]\n           <command> [<args>]\n\nThese are common Git commands used in various situations:\n\nstart a working area (see also: git help tutorial)\n   clone      Clone a repository into a new directory\n   init       Create an empty Git repository or reinitialize an existing one\n\nwork on the current change (see also: git help everyday)\n   add        Add file contents to the index\n   mv         Move or rename a file, a directory, or a symlink\n   restore    Restore working tree files\n   rm         Remove files from the working tree and from the index\n\nexamine the history and state (see also: git help revisions)\n   bisect     Use binary search to find the commit that introduced a bug\n   diff       Show changes between commits, commit and working tree, etc\n   grep       Print lines matching a pattern\n   log        Show commit logs\n   show       Show various types of objects\n   status     Show the working tree status\n\ngrow, mark and tweak your common history\n   backfill   Download missing objects in a partial clone\n   branch     List, create, or delete branches\n   commit     Record changes to the repository\n   merge      Join two or more development histories together\n   rebase     Reapply commits on top of another base tip\n   reset      Reset current HEAD to the specified state\n   switch     Switch branches\n   tag        Create, list, delete or verify a tag object signed with GPG\n\ncollaborate (see also: git help workflows)\n   fetch      Download objects and refs from another repository\n   pull       Fetch from and integrate with another repository or a local branch\n   push       Update remote refs along with associated objects\n\n'git help -a' and 'git help -g' list available subcommands and some\nconcept guides. See 'git help <command>' or 'git help <concept>'\nto read about a specific subcommand or concept.\nSee 'git help git' for an overview of the system.\n""
[0m14:58:28.600921 [debug] [MainThread]: STDERR: "b''"
[0m14:58:28.601921 [info ] [MainThread]:  - git [[32mOK found[0m]

[0m14:58:28.602923 [info ] [MainThread]: Connection:
[0m14:58:28.602923 [info ] [MainThread]:   account: FNMHDZE-VL12471
[0m14:58:28.603920 [info ] [MainThread]:   user: JINALKHONA01
[0m14:58:28.603920 [info ] [MainThread]:   database: AIRBNB
[0m14:58:28.605010 [info ] [MainThread]:   warehouse: COMPUTE_WH
[0m14:58:28.605010 [info ] [MainThread]:   role: ACCOUNTADMIN
[0m14:58:28.606011 [info ] [MainThread]:   schema: dbt_schema
[0m14:58:28.606011 [info ] [MainThread]:   authenticator: None
[0m14:58:28.606011 [info ] [MainThread]:   oauth_client_id: None
[0m14:58:28.607012 [info ] [MainThread]:   query_tag: None
[0m14:58:28.607012 [info ] [MainThread]:   client_session_keep_alive: False
[0m14:58:28.608010 [info ] [MainThread]:   host: None
[0m14:58:28.608010 [info ] [MainThread]:   port: None
[0m14:58:28.608010 [info ] [MainThread]:   proxy_host: None
[0m14:58:28.609010 [info ] [MainThread]:   proxy_port: None
[0m14:58:28.609010 [info ] [MainThread]:   protocol: None
[0m14:58:28.610012 [info ] [MainThread]:   connect_retries: 1
[0m14:58:28.610012 [info ] [MainThread]:   connect_timeout: None
[0m14:58:28.611011 [info ] [MainThread]:   retry_on_database_errors: False
[0m14:58:28.611011 [info ] [MainThread]:   retry_all: False
[0m14:58:28.611011 [info ] [MainThread]:   insecure_mode: False
[0m14:58:28.612009 [info ] [MainThread]:   reuse_connections: True
[0m14:58:28.612009 [info ] [MainThread]:   s3_stage_vpce_dns_name: None
[0m14:58:28.613010 [info ] [MainThread]:   platform_detection_timeout_seconds: 0.0
[0m14:58:28.613010 [info ] [MainThread]: Registered adapter: snowflake=1.11.1
[0m14:58:29.138406 [debug] [MainThread]: Acquiring new snowflake connection 'debug'
[0m14:58:33.009903 [debug] [MainThread]: Using snowflake connection "debug"
[0m14:58:33.010903 [debug] [MainThread]: On debug: select 1 as id
[0m14:58:33.010903 [debug] [MainThread]: Opening a new connection, currently in state init
[0m14:58:35.811079 [debug] [MainThread]: SQL status: SUCCESS 1 in 2.800 seconds
[0m14:58:35.812071 [info ] [MainThread]:   Connection test: [[32mOK connection ok[0m]

[0m14:58:35.813107 [info ] [MainThread]: [31m1 check failed:[0m
[0m14:58:35.813107 [info ] [MainThread]: Project loading failed for the following reason:
 project path <D:\AWS_DBT_Snowflake\dbt_project.yml> not found

[0m14:58:35.814093 [debug] [MainThread]: Command `dbt debug` failed at 14:58:35.814093 after 7.98 seconds
[0m14:58:35.815092 [debug] [MainThread]: Connection 'debug' was left open.
[0m14:58:35.815092 [debug] [MainThread]: On debug: Close
[0m14:58:36.058967 [debug] [MainThread]: Sending event: {'category': 'dbt', 'action': 'invocation', 'label': 'end', 'context': [<snowplow_tracker.self_describing_json.SelfDescribingJson object at 0x000001D61C1CC740>, <snowplow_tracker.self_describing_json.SelfDescribingJson object at 0x000001D61C9A56A0>, <snowplow_tracker.self_describing_json.SelfDescribingJson object at 0x000001D61F04C080>]}
[0m14:58:36.058967 [debug] [MainThread]: Flushing usage events
[0m14:58:37.049365 [debug] [MainThread]: An error was encountered while trying to flush usage events
[0m17:19:10.224852 [debug] [MainThread]: Sending event: {'category': 'dbt', 'action': 'invocation', 'label': 'start', 'context': [<snowplow_tracker.self_describing_json.SelfDescribingJson object at 0x0000024307F48EF0>, <snowplow_tracker.self_describing_json.SelfDescribingJson object at 0x000002430ACE79E0>, <snowplow_tracker.self_describing_json.SelfDescribingJson object at 0x000002430ACE6A50>]}


============================== 17:19:10.229847 | 7855b925-c06e-4a91-bff9-586a54a270ec ==============================
[0m17:19:10.229847 [info ] [MainThread]: Running with dbt=1.11.2
[0m17:19:10.229847 [debug] [MainThread]: running dbt with arguments {'version_check': 'True', 'no_print': 'None', 'static_parser': 'True', 'warn_error_options': 'WarnErrorOptionsV2(error=[], warn=[], silence=[])', 'target_path': 'None', 'printer_width': '80', 'write_json': 'True', 'empty': 'False', 'log_cache_events': 'False', 'introspect': 'True', 'cache_selected_only': 'False', 'fail_fast': 'False', 'debug': 'False', 'log_format': 'default', 'partial_parse': 'True', 'send_anonymous_usage_stats': 'True', 'quiet': 'False', 'warn_error': 'None', 'profiles_dir': 'C:\\Users\\adity\\.dbt', 'invocation_command': 'dbt run', 'indirect_selection': 'eager', 'use_colors': 'True', 'use_experimental_parser': 'False', 'log_path': 'logs'}
[0m17:19:10.230849 [error] [MainThread]: Encountered an error:
Runtime Error
  No dbt_project.yml found at expected path D:\AWS_DBT_Snowflake\dbt_project.yml
  Verify that each entry within packages.yml (and their transitive dependencies) contains a file named dbt_project.yml
  
[0m17:19:10.231847 [debug] [MainThread]: Command `dbt run` failed at 17:19:10.231847 after 0.20 seconds
[0m17:19:10.231847 [debug] [MainThread]: Sending event: {'category': 'dbt', 'action': 'invocation', 'label': 'end', 'context': [<snowplow_tracker.self_describing_json.SelfDescribingJson object at 0x000002430AFA5370>, <snowplow_tracker.self_describing_json.SelfDescribingJson object at 0x000002430B2F2900>, <snowplow_tracker.self_describing_json.SelfDescribingJson object at 0x000002430B0D5AC0>]}
[0m17:19:10.231847 [debug] [MainThread]: Flushing usage events
[0m17:19:11.847428 [debug] [MainThread]: An error was encountered while trying to flush usage events
[0m17:31:36.719995 [debug] [MainThread]: Sending event: {'category': 'dbt', 'action': 'invocation', 'label': 'start', 'context': [<snowplow_tracker.self_describing_json.SelfDescribingJson object at 0x000001A19169D220>, <snowplow_tracker.self_describing_json.SelfDescribingJson object at 0x000001A191646BD0>, <snowplow_tracker.self_describing_json.SelfDescribingJson object at 0x000001A191646E70>]}


============================== 17:31:36.724483 | 2dd98f38-d367-42c4-8d33-d9535b62a77c ==============================
[0m17:31:36.724483 [info ] [MainThread]: Running with dbt=1.11.2
[0m17:31:36.725484 [debug] [MainThread]: running dbt with arguments {'version_check': 'True', 'no_print': 'None', 'static_parser': 'True', 'target_path': 'None', 'warn_error_options': 'WarnErrorOptionsV2(error=[], warn=[], silence=[])', 'printer_width': '80', 'write_json': 'True', 'introspect': 'True', 'log_cache_events': 'False', 'empty': 'False', 'cache_selected_only': 'False', 'fail_fast': 'False', 'debug': 'False', 'log_format': 'default', 'profiles_dir': 'C:\\Users\\adity\\.dbt', 'send_anonymous_usage_stats': 'True', 'quiet': 'False', 'warn_error': 'None', 'partial_parse': 'True', 'use_colors': 'True', 'indirect_selection': 'eager', 'invocation_command': 'dbt run', 'use_experimental_parser': 'False', 'log_path': 'logs'}
[0m17:31:36.725484 [error] [MainThread]: Encountered an error:
Runtime Error
  No dbt_project.yml found at expected path D:\AWS_DBT_Snowflake\dbt_project.yml
  Verify that each entry within packages.yml (and their transitive dependencies) contains a file named dbt_project.yml
  
[0m17:31:36.726801 [debug] [MainThread]: Command `dbt run` failed at 17:31:36.726801 after 0.30 seconds
[0m17:31:36.726801 [debug] [MainThread]: Sending event: {'category': 'dbt', 'action': 'invocation', 'label': 'end', 'context': [<snowplow_tracker.self_describing_json.SelfDescribingJson object at 0x000001A19115A210>, <snowplow_tracker.self_describing_json.SelfDescribingJson object at 0x000001A191847410>, <snowplow_tracker.self_describing_json.SelfDescribingJson object at 0x000001A191342600>]}
[0m17:31:36.727815 [debug] [MainThread]: Flushing usage events
[0m17:31:37.594253 [debug] [MainThread]: An error was encountered while trying to flush usage events
